2021-10-08 12:27:10 [32minfo[39m: Model :: /home/prashant/Documents/chat_app/database/models/internal-user/privilege.model.js
2021-10-08 12:27:10 [32minfo[39m: Model :: /home/prashant/Documents/chat_app/database/models/internal-user/role.model.js
2021-10-08 12:27:10 [32minfo[39m: Model :: /home/prashant/Documents/chat_app/database/models/internal-user/rolePrivilege.model.js
2021-10-08 12:27:10 [32minfo[39m: Model :: /home/prashant/Documents/chat_app/database/models/internal-user/user.model.js
2021-10-08 12:27:10 [32minfo[39m: Model :: /home/prashant/Documents/chat_app/database/models/internal-user/userRole.model.js
2021-10-08 12:27:12 [32minfo[39m: =================================
2021-10-08 12:27:12 [32minfo[39m: ======= ENV: development =======
2021-10-08 12:27:12 [32minfo[39m: 🚀 App listening on the port 3000
2021-10-08 12:27:12 [32minfo[39m: =================================
2021-10-08 12:27:31 [32minfo[39m: DB connected
2021-10-08 12:27:53 [32minfo[39m: Model :: /home/prashant/Documents/chat_app/database/models/internal-user/privilege.model.js
2021-10-08 12:27:53 [32minfo[39m: Model :: /home/prashant/Documents/chat_app/database/models/internal-user/role.model.js
2021-10-08 12:27:53 [32minfo[39m: Model :: /home/prashant/Documents/chat_app/database/models/internal-user/rolePrivilege.model.js
2021-10-08 12:27:53 [32minfo[39m: Model :: /home/prashant/Documents/chat_app/database/models/internal-user/user.model.js
2021-10-08 12:27:53 [32minfo[39m: Model :: /home/prashant/Documents/chat_app/database/models/internal-user/userRole.model.js
2021-10-08 12:27:53 [32minfo[39m: =================================
2021-10-08 12:27:53 [32minfo[39m: ======= ENV: development =======
2021-10-08 12:27:53 [32minfo[39m: 🚀 App listening on the port 3000
2021-10-08 12:27:53 [32minfo[39m: =================================
2021-10-08 12:28:01 [32minfo[39m: DB connected
