2021-10-06 11:34:26 [32minfo[39m: Model :: /home/prashant/Documents/chat_app/database/models/internal-user/privilege.model.js
2021-10-06 11:34:26 [32minfo[39m: Model :: /home/prashant/Documents/chat_app/database/models/internal-user/role.model.js
2021-10-06 11:34:26 [32minfo[39m: Model :: /home/prashant/Documents/chat_app/database/models/internal-user/rolePrivilege.model.js
2021-10-06 11:34:26 [32minfo[39m: Model :: /home/prashant/Documents/chat_app/database/models/internal-user/user.model.js
2021-10-06 11:34:26 [32minfo[39m: Model :: /home/prashant/Documents/chat_app/database/models/internal-user/userRole.model.js
2021-10-06 11:34:27 [32minfo[39m: =================================
2021-10-06 11:34:27 [32minfo[39m: ======= ENV: development =======
2021-10-06 11:34:27 [32minfo[39m: 🚀 App listening on the port 3000
2021-10-06 11:34:27 [32minfo[39m: =================================
2021-10-06 11:34:55 [32minfo[39m: DB connected
2021-10-06 11:34:57 [31merror[39m: MongooseServerSelectionError: connect ECONNREFUSED 127.0.0.1:27017
    at NativeConnection.Connection.openUri (/home/prashant/Documents/chat_app/node_modules/mongoose/lib/connection.js:796:32)
    at /home/prashant/Documents/chat_app/node_modules/mongoose/lib/index.js:329:10
    at /home/prashant/Documents/chat_app/node_modules/mongoose/lib/helpers/promiseOrCallback.js:32:5
    at new Promise (<anonymous>)
    at promiseOrCallback (/home/prashant/Documents/chat_app/node_modules/mongoose/lib/helpers/promiseOrCallback.js:31:10)
    at Mongoose._promiseOrCallback (/home/prashant/Documents/chat_app/node_modules/mongoose/lib/index.js:1150:10)
    at Mongoose.connect (/home/prashant/Documents/chat_app/node_modules/mongoose/lib/index.js:328:20)
    at Object.<anonymous> (/home/prashant/Documents/chat_app/lib/mongo.js:7:10)
    at Module._compile (node:internal/modules/cjs/loader:1101:14)
    at Object.Module._extensions..js (node:internal/modules/cjs/loader:1153:10)
2021-10-06 11:36:57 [32minfo[39m: Model :: /home/prashant/Documents/chat_app/database/models/internal-user/privilege.model.js
2021-10-06 11:36:57 [32minfo[39m: Model :: /home/prashant/Documents/chat_app/database/models/internal-user/role.model.js
2021-10-06 11:36:57 [32minfo[39m: Model :: /home/prashant/Documents/chat_app/database/models/internal-user/rolePrivilege.model.js
2021-10-06 11:36:57 [32minfo[39m: Model :: /home/prashant/Documents/chat_app/database/models/internal-user/user.model.js
2021-10-06 11:36:57 [32minfo[39m: Model :: /home/prashant/Documents/chat_app/database/models/internal-user/userRole.model.js
2021-10-06 11:37:00 [32minfo[39m: =================================
2021-10-06 11:37:00 [32minfo[39m: ======= ENV: development =======
2021-10-06 11:37:00 [32minfo[39m: 🚀 App listening on the port 3000
2021-10-06 11:37:00 [32minfo[39m: =================================
2021-10-06 11:37:17 [32minfo[39m: DB connected
2021-10-06 11:37:30 [31merror[39m: MongooseServerSelectionError: connect ECONNREFUSED 127.0.0.1:27017
    at NativeConnection.Connection.openUri (/home/prashant/Documents/chat_app/node_modules/mongoose/lib/connection.js:796:32)
    at /home/prashant/Documents/chat_app/node_modules/mongoose/lib/index.js:329:10
    at /home/prashant/Documents/chat_app/node_modules/mongoose/lib/helpers/promiseOrCallback.js:32:5
    at new Promise (<anonymous>)
    at promiseOrCallback (/home/prashant/Documents/chat_app/node_modules/mongoose/lib/helpers/promiseOrCallback.js:31:10)
    at Mongoose._promiseOrCallback (/home/prashant/Documents/chat_app/node_modules/mongoose/lib/index.js:1150:10)
    at Mongoose.connect (/home/prashant/Documents/chat_app/node_modules/mongoose/lib/index.js:328:20)
    at Object.<anonymous> (/home/prashant/Documents/chat_app/lib/mongo.js:7:10)
    at Module._compile (node:internal/modules/cjs/loader:1101:14)
    at Object.Module._extensions..js (node:internal/modules/cjs/loader:1153:10)
2021-10-06 11:38:48 [32minfo[39m: Model :: /home/prashant/Documents/chat_app/database/models/internal-user/privilege.model.js
2021-10-06 11:38:48 [32minfo[39m: Model :: /home/prashant/Documents/chat_app/database/models/internal-user/role.model.js
2021-10-06 11:38:48 [32minfo[39m: Model :: /home/prashant/Documents/chat_app/database/models/internal-user/rolePrivilege.model.js
2021-10-06 11:38:48 [32minfo[39m: Model :: /home/prashant/Documents/chat_app/database/models/internal-user/user.model.js
2021-10-06 11:38:48 [32minfo[39m: Model :: /home/prashant/Documents/chat_app/database/models/internal-user/userRole.model.js
2021-10-06 11:38:49 [32minfo[39m: =================================
2021-10-06 11:38:49 [32minfo[39m: ======= ENV: development =======
2021-10-06 11:38:49 [32minfo[39m: 🚀 App listening on the port 3000
2021-10-06 11:38:49 [32minfo[39m: =================================
2021-10-06 11:38:59 [32minfo[39m: DB connected
2021-10-06 11:39:19 [31merror[39m: MongooseServerSelectionError: connect ECONNREFUSED 127.0.0.1:27017
    at NativeConnection.Connection.openUri (/home/prashant/Documents/chat_app/node_modules/mongoose/lib/connection.js:796:32)
    at /home/prashant/Documents/chat_app/node_modules/mongoose/lib/index.js:329:10
    at /home/prashant/Documents/chat_app/node_modules/mongoose/lib/helpers/promiseOrCallback.js:32:5
    at new Promise (<anonymous>)
    at promiseOrCallback (/home/prashant/Documents/chat_app/node_modules/mongoose/lib/helpers/promiseOrCallback.js:31:10)
    at Mongoose._promiseOrCallback (/home/prashant/Documents/chat_app/node_modules/mongoose/lib/index.js:1150:10)
    at Mongoose.connect (/home/prashant/Documents/chat_app/node_modules/mongoose/lib/index.js:328:20)
    at Object.<anonymous> (/home/prashant/Documents/chat_app/lib/mongo.js:7:10)
    at Module._compile (node:internal/modules/cjs/loader:1101:14)
    at Object.Module._extensions..js (node:internal/modules/cjs/loader:1153:10)
2021-10-06 11:40:21 [32minfo[39m: Model :: /home/prashant/Documents/chat_app/database/models/internal-user/privilege.model.js
2021-10-06 11:40:21 [32minfo[39m: Model :: /home/prashant/Documents/chat_app/database/models/internal-user/role.model.js
2021-10-06 11:40:21 [32minfo[39m: Model :: /home/prashant/Documents/chat_app/database/models/internal-user/rolePrivilege.model.js
2021-10-06 11:40:21 [32minfo[39m: Model :: /home/prashant/Documents/chat_app/database/models/internal-user/user.model.js
2021-10-06 11:40:21 [32minfo[39m: Model :: /home/prashant/Documents/chat_app/database/models/internal-user/userRole.model.js
2021-10-06 11:40:21 [32minfo[39m: =================================
2021-10-06 11:40:21 [32minfo[39m: ======= ENV: development =======
2021-10-06 11:40:21 [32minfo[39m: 🚀 App listening on the port 3000
2021-10-06 11:40:21 [32minfo[39m: =================================
2021-10-06 11:40:28 [32minfo[39m: DB connected
2021-10-06 11:40:51 [31merror[39m: MongooseServerSelectionError: connect ECONNREFUSED 127.0.0.1:27017
    at NativeConnection.Connection.openUri (/home/prashant/Documents/chat_app/node_modules/mongoose/lib/connection.js:796:32)
    at /home/prashant/Documents/chat_app/node_modules/mongoose/lib/index.js:329:10
    at /home/prashant/Documents/chat_app/node_modules/mongoose/lib/helpers/promiseOrCallback.js:32:5
    at new Promise (<anonymous>)
    at promiseOrCallback (/home/prashant/Documents/chat_app/node_modules/mongoose/lib/helpers/promiseOrCallback.js:31:10)
    at Mongoose._promiseOrCallback (/home/prashant/Documents/chat_app/node_modules/mongoose/lib/index.js:1150:10)
    at Mongoose.connect (/home/prashant/Documents/chat_app/node_modules/mongoose/lib/index.js:328:20)
    at Object.<anonymous> (/home/prashant/Documents/chat_app/lib/mongo.js:7:10)
    at Module._compile (node:internal/modules/cjs/loader:1101:14)
    at Object.Module._extensions..js (node:internal/modules/cjs/loader:1153:10)
2021-10-06 11:41:10 [32minfo[39m: Model :: /home/prashant/Documents/chat_app/database/models/internal-user/privilege.model.js
2021-10-06 11:41:10 [32minfo[39m: Model :: /home/prashant/Documents/chat_app/database/models/internal-user/role.model.js
2021-10-06 11:41:10 [32minfo[39m: Model :: /home/prashant/Documents/chat_app/database/models/internal-user/rolePrivilege.model.js
2021-10-06 11:41:10 [32minfo[39m: Model :: /home/prashant/Documents/chat_app/database/models/internal-user/user.model.js
2021-10-06 11:41:10 [32minfo[39m: Model :: /home/prashant/Documents/chat_app/database/models/internal-user/userRole.model.js
2021-10-06 11:41:10 [32minfo[39m: =================================
2021-10-06 11:41:10 [32minfo[39m: ======= ENV: development =======
2021-10-06 11:41:10 [32minfo[39m: 🚀 App listening on the port 3000
2021-10-06 11:41:10 [32minfo[39m: =================================
2021-10-06 11:41:29 [32minfo[39m: DB connected
2021-10-06 11:41:40 [31merror[39m: MongooseServerSelectionError: connect ECONNREFUSED 127.0.0.1:27017
    at NativeConnection.Connection.openUri (/home/prashant/Documents/chat_app/node_modules/mongoose/lib/connection.js:796:32)
    at /home/prashant/Documents/chat_app/node_modules/mongoose/lib/index.js:329:10
    at /home/prashant/Documents/chat_app/node_modules/mongoose/lib/helpers/promiseOrCallback.js:32:5
    at new Promise (<anonymous>)
    at promiseOrCallback (/home/prashant/Documents/chat_app/node_modules/mongoose/lib/helpers/promiseOrCallback.js:31:10)
    at Mongoose._promiseOrCallback (/home/prashant/Documents/chat_app/node_modules/mongoose/lib/index.js:1150:10)
    at Mongoose.connect (/home/prashant/Documents/chat_app/node_modules/mongoose/lib/index.js:328:20)
    at Object.<anonymous> (/home/prashant/Documents/chat_app/lib/mongo.js:7:10)
    at Module._compile (node:internal/modules/cjs/loader:1101:14)
    at Object.Module._extensions..js (node:internal/modules/cjs/loader:1153:10)
2021-10-06 11:43:22 [32minfo[39m: Model :: /home/prashant/Documents/chat_app/database/models/internal-user/privilege.model.js
2021-10-06 11:43:22 [32minfo[39m: Model :: /home/prashant/Documents/chat_app/database/models/internal-user/role.model.js
2021-10-06 11:43:22 [32minfo[39m: Model :: /home/prashant/Documents/chat_app/database/models/internal-user/rolePrivilege.model.js
2021-10-06 11:43:22 [32minfo[39m: Model :: /home/prashant/Documents/chat_app/database/models/internal-user/user.model.js
2021-10-06 11:43:22 [32minfo[39m: Model :: /home/prashant/Documents/chat_app/database/models/internal-user/userRole.model.js
2021-10-06 11:43:23 [32minfo[39m: =================================
2021-10-06 11:43:23 [32minfo[39m: ======= ENV: development =======
2021-10-06 11:43:23 [32minfo[39m: 🚀 App listening on the port 3000
2021-10-06 11:43:23 [32minfo[39m: =================================
2021-10-06 11:43:32 [32minfo[39m: DB connected
2021-10-06 11:43:53 [31merror[39m: MongooseServerSelectionError: connect ECONNREFUSED 127.0.0.1:27017
    at NativeConnection.Connection.openUri (/home/prashant/Documents/chat_app/node_modules/mongoose/lib/connection.js:796:32)
    at /home/prashant/Documents/chat_app/node_modules/mongoose/lib/index.js:329:10
    at /home/prashant/Documents/chat_app/node_modules/mongoose/lib/helpers/promiseOrCallback.js:32:5
    at new Promise (<anonymous>)
    at promiseOrCallback (/home/prashant/Documents/chat_app/node_modules/mongoose/lib/helpers/promiseOrCallback.js:31:10)
    at Mongoose._promiseOrCallback (/home/prashant/Documents/chat_app/node_modules/mongoose/lib/index.js:1150:10)
    at Mongoose.connect (/home/prashant/Documents/chat_app/node_modules/mongoose/lib/index.js:328:20)
    at Object.<anonymous> (/home/prashant/Documents/chat_app/lib/mongo.js:7:10)
    at Module._compile (node:internal/modules/cjs/loader:1101:14)
    at Object.Module._extensions..js (node:internal/modules/cjs/loader:1153:10)
2021-10-06 11:44:46 [32minfo[39m: Model :: /home/prashant/Documents/chat_app/database/models/internal-user/privilege.model.js
2021-10-06 11:44:46 [32minfo[39m: Model :: /home/prashant/Documents/chat_app/database/models/internal-user/role.model.js
2021-10-06 11:44:46 [32minfo[39m: Model :: /home/prashant/Documents/chat_app/database/models/internal-user/rolePrivilege.model.js
2021-10-06 11:44:46 [32minfo[39m: Model :: /home/prashant/Documents/chat_app/database/models/internal-user/user.model.js
2021-10-06 11:44:46 [32minfo[39m: Model :: /home/prashant/Documents/chat_app/database/models/internal-user/userRole.model.js
2021-10-06 11:44:48 [32minfo[39m: =================================
2021-10-06 11:44:48 [32minfo[39m: ======= ENV: development =======
2021-10-06 11:44:48 [32minfo[39m: 🚀 App listening on the port 3000
2021-10-06 11:44:48 [32minfo[39m: =================================
2021-10-06 11:44:59 [32minfo[39m: DB connected
2021-10-06 11:45:18 [31merror[39m: MongooseServerSelectionError: connect ECONNREFUSED 127.0.0.1:27017
    at NativeConnection.Connection.openUri (/home/prashant/Documents/chat_app/node_modules/mongoose/lib/connection.js:796:32)
    at /home/prashant/Documents/chat_app/node_modules/mongoose/lib/index.js:329:10
    at /home/prashant/Documents/chat_app/node_modules/mongoose/lib/helpers/promiseOrCallback.js:32:5
    at new Promise (<anonymous>)
    at promiseOrCallback (/home/prashant/Documents/chat_app/node_modules/mongoose/lib/helpers/promiseOrCallback.js:31:10)
    at Mongoose._promiseOrCallback (/home/prashant/Documents/chat_app/node_modules/mongoose/lib/index.js:1150:10)
    at Mongoose.connect (/home/prashant/Documents/chat_app/node_modules/mongoose/lib/index.js:328:20)
    at Object.<anonymous> (/home/prashant/Documents/chat_app/lib/mongo.js:7:10)
    at Module._compile (node:internal/modules/cjs/loader:1101:14)
    at Object.Module._extensions..js (node:internal/modules/cjs/loader:1153:10)
2021-10-06 12:04:35 [32minfo[39m: Model :: /home/prashant/Documents/chat_app/database/models/internal-user/privilege.model.js
2021-10-06 12:04:35 [32minfo[39m: Model :: /home/prashant/Documents/chat_app/database/models/internal-user/role.model.js
2021-10-06 12:04:35 [32minfo[39m: Model :: /home/prashant/Documents/chat_app/database/models/internal-user/rolePrivilege.model.js
2021-10-06 12:04:35 [32minfo[39m: Model :: /home/prashant/Documents/chat_app/database/models/internal-user/user.model.js
2021-10-06 12:04:35 [32minfo[39m: Model :: /home/prashant/Documents/chat_app/database/models/internal-user/userRole.model.js
2021-10-06 12:42:37 [32minfo[39m: Model :: /home/prashant/Documents/chat_app/database/models/internal-user/privilege.model.js
2021-10-06 12:42:37 [32minfo[39m: Model :: /home/prashant/Documents/chat_app/database/models/internal-user/role.model.js
2021-10-06 12:42:37 [32minfo[39m: Model :: /home/prashant/Documents/chat_app/database/models/internal-user/rolePrivilege.model.js
2021-10-06 12:42:37 [32minfo[39m: Model :: /home/prashant/Documents/chat_app/database/models/internal-user/user.model.js
2021-10-06 12:42:37 [32minfo[39m: Model :: /home/prashant/Documents/chat_app/database/models/internal-user/userRole.model.js
2021-10-06 12:42:39 [32minfo[39m: =================================
2021-10-06 12:42:39 [32minfo[39m: ======= ENV: development =======
2021-10-06 12:42:39 [32minfo[39m: 🚀 App listening on the port 3000
2021-10-06 12:42:39 [32minfo[39m: =================================
2021-10-06 12:42:49 [32minfo[39m: DB connected
