2021-10-06 11:34:57 [31merror[39m: MongooseServerSelectionError: connect ECONNREFUSED 127.0.0.1:27017
    at NativeConnection.Connection.openUri (/home/prashant/Documents/chat_app/node_modules/mongoose/lib/connection.js:796:32)
    at /home/prashant/Documents/chat_app/node_modules/mongoose/lib/index.js:329:10
    at /home/prashant/Documents/chat_app/node_modules/mongoose/lib/helpers/promiseOrCallback.js:32:5
    at new Promise (<anonymous>)
    at promiseOrCallback (/home/prashant/Documents/chat_app/node_modules/mongoose/lib/helpers/promiseOrCallback.js:31:10)
    at Mongoose._promiseOrCallback (/home/prashant/Documents/chat_app/node_modules/mongoose/lib/index.js:1150:10)
    at Mongoose.connect (/home/prashant/Documents/chat_app/node_modules/mongoose/lib/index.js:328:20)
    at Object.<anonymous> (/home/prashant/Documents/chat_app/lib/mongo.js:7:10)
    at Module._compile (node:internal/modules/cjs/loader:1101:14)
    at Object.Module._extensions..js (node:internal/modules/cjs/loader:1153:10)
2021-10-06 11:34:57 [31merror[39m: uncaughtException: connect ECONNREFUSED 127.0.0.1:27017
MongooseServerSelectionError: connect ECONNREFUSED 127.0.0.1:27017
    at NativeConnection.Connection.openUri (/home/prashant/Documents/chat_app/node_modules/mongoose/lib/connection.js:796:32)
    at /home/prashant/Documents/chat_app/node_modules/mongoose/lib/index.js:329:10
    at /home/prashant/Documents/chat_app/node_modules/mongoose/lib/helpers/promiseOrCallback.js:32:5
    at new Promise (<anonymous>)
    at promiseOrCallback (/home/prashant/Documents/chat_app/node_modules/mongoose/lib/helpers/promiseOrCallback.js:31:10)
    at Mongoose._promiseOrCallback (/home/prashant/Documents/chat_app/node_modules/mongoose/lib/index.js:1150:10)
    at Mongoose.connect (/home/prashant/Documents/chat_app/node_modules/mongoose/lib/index.js:328:20)
    at Object.<anonymous> (/home/prashant/Documents/chat_app/lib/mongo.js:7:10)
    at Module._compile (node:internal/modules/cjs/loader:1101:14)
    at Object.Module._extensions..js (node:internal/modules/cjs/loader:1153:10)
2021-10-06 11:37:30 [31merror[39m: MongooseServerSelectionError: connect ECONNREFUSED 127.0.0.1:27017
    at NativeConnection.Connection.openUri (/home/prashant/Documents/chat_app/node_modules/mongoose/lib/connection.js:796:32)
    at /home/prashant/Documents/chat_app/node_modules/mongoose/lib/index.js:329:10
    at /home/prashant/Documents/chat_app/node_modules/mongoose/lib/helpers/promiseOrCallback.js:32:5
    at new Promise (<anonymous>)
    at promiseOrCallback (/home/prashant/Documents/chat_app/node_modules/mongoose/lib/helpers/promiseOrCallback.js:31:10)
    at Mongoose._promiseOrCallback (/home/prashant/Documents/chat_app/node_modules/mongoose/lib/index.js:1150:10)
    at Mongoose.connect (/home/prashant/Documents/chat_app/node_modules/mongoose/lib/index.js:328:20)
    at Object.<anonymous> (/home/prashant/Documents/chat_app/lib/mongo.js:7:10)
    at Module._compile (node:internal/modules/cjs/loader:1101:14)
    at Object.Module._extensions..js (node:internal/modules/cjs/loader:1153:10)
2021-10-06 11:37:30 [31merror[39m: uncaughtException: connect ECONNREFUSED 127.0.0.1:27017
MongooseServerSelectionError: connect ECONNREFUSED 127.0.0.1:27017
    at NativeConnection.Connection.openUri (/home/prashant/Documents/chat_app/node_modules/mongoose/lib/connection.js:796:32)
    at /home/prashant/Documents/chat_app/node_modules/mongoose/lib/index.js:329:10
    at /home/prashant/Documents/chat_app/node_modules/mongoose/lib/helpers/promiseOrCallback.js:32:5
    at new Promise (<anonymous>)
    at promiseOrCallback (/home/prashant/Documents/chat_app/node_modules/mongoose/lib/helpers/promiseOrCallback.js:31:10)
    at Mongoose._promiseOrCallback (/home/prashant/Documents/chat_app/node_modules/mongoose/lib/index.js:1150:10)
    at Mongoose.connect (/home/prashant/Documents/chat_app/node_modules/mongoose/lib/index.js:328:20)
    at Object.<anonymous> (/home/prashant/Documents/chat_app/lib/mongo.js:7:10)
    at Module._compile (node:internal/modules/cjs/loader:1101:14)
    at Object.Module._extensions..js (node:internal/modules/cjs/loader:1153:10)
2021-10-06 11:39:19 [31merror[39m: MongooseServerSelectionError: connect ECONNREFUSED 127.0.0.1:27017
    at NativeConnection.Connection.openUri (/home/prashant/Documents/chat_app/node_modules/mongoose/lib/connection.js:796:32)
    at /home/prashant/Documents/chat_app/node_modules/mongoose/lib/index.js:329:10
    at /home/prashant/Documents/chat_app/node_modules/mongoose/lib/helpers/promiseOrCallback.js:32:5
    at new Promise (<anonymous>)
    at promiseOrCallback (/home/prashant/Documents/chat_app/node_modules/mongoose/lib/helpers/promiseOrCallback.js:31:10)
    at Mongoose._promiseOrCallback (/home/prashant/Documents/chat_app/node_modules/mongoose/lib/index.js:1150:10)
    at Mongoose.connect (/home/prashant/Documents/chat_app/node_modules/mongoose/lib/index.js:328:20)
    at Object.<anonymous> (/home/prashant/Documents/chat_app/lib/mongo.js:7:10)
    at Module._compile (node:internal/modules/cjs/loader:1101:14)
    at Object.Module._extensions..js (node:internal/modules/cjs/loader:1153:10)
2021-10-06 11:39:19 [31merror[39m: uncaughtException: connect ECONNREFUSED 127.0.0.1:27017
MongooseServerSelectionError: connect ECONNREFUSED 127.0.0.1:27017
    at NativeConnection.Connection.openUri (/home/prashant/Documents/chat_app/node_modules/mongoose/lib/connection.js:796:32)
    at /home/prashant/Documents/chat_app/node_modules/mongoose/lib/index.js:329:10
    at /home/prashant/Documents/chat_app/node_modules/mongoose/lib/helpers/promiseOrCallback.js:32:5
    at new Promise (<anonymous>)
    at promiseOrCallback (/home/prashant/Documents/chat_app/node_modules/mongoose/lib/helpers/promiseOrCallback.js:31:10)
    at Mongoose._promiseOrCallback (/home/prashant/Documents/chat_app/node_modules/mongoose/lib/index.js:1150:10)
    at Mongoose.connect (/home/prashant/Documents/chat_app/node_modules/mongoose/lib/index.js:328:20)
    at Object.<anonymous> (/home/prashant/Documents/chat_app/lib/mongo.js:7:10)
    at Module._compile (node:internal/modules/cjs/loader:1101:14)
    at Object.Module._extensions..js (node:internal/modules/cjs/loader:1153:10)
2021-10-06 11:40:51 [31merror[39m: MongooseServerSelectionError: connect ECONNREFUSED 127.0.0.1:27017
    at NativeConnection.Connection.openUri (/home/prashant/Documents/chat_app/node_modules/mongoose/lib/connection.js:796:32)
    at /home/prashant/Documents/chat_app/node_modules/mongoose/lib/index.js:329:10
    at /home/prashant/Documents/chat_app/node_modules/mongoose/lib/helpers/promiseOrCallback.js:32:5
    at new Promise (<anonymous>)
    at promiseOrCallback (/home/prashant/Documents/chat_app/node_modules/mongoose/lib/helpers/promiseOrCallback.js:31:10)
    at Mongoose._promiseOrCallback (/home/prashant/Documents/chat_app/node_modules/mongoose/lib/index.js:1150:10)
    at Mongoose.connect (/home/prashant/Documents/chat_app/node_modules/mongoose/lib/index.js:328:20)
    at Object.<anonymous> (/home/prashant/Documents/chat_app/lib/mongo.js:7:10)
    at Module._compile (node:internal/modules/cjs/loader:1101:14)
    at Object.Module._extensions..js (node:internal/modules/cjs/loader:1153:10)
2021-10-06 11:40:51 [31merror[39m: uncaughtException: connect ECONNREFUSED 127.0.0.1:27017
MongooseServerSelectionError: connect ECONNREFUSED 127.0.0.1:27017
    at NativeConnection.Connection.openUri (/home/prashant/Documents/chat_app/node_modules/mongoose/lib/connection.js:796:32)
    at /home/prashant/Documents/chat_app/node_modules/mongoose/lib/index.js:329:10
    at /home/prashant/Documents/chat_app/node_modules/mongoose/lib/helpers/promiseOrCallback.js:32:5
    at new Promise (<anonymous>)
    at promiseOrCallback (/home/prashant/Documents/chat_app/node_modules/mongoose/lib/helpers/promiseOrCallback.js:31:10)
    at Mongoose._promiseOrCallback (/home/prashant/Documents/chat_app/node_modules/mongoose/lib/index.js:1150:10)
    at Mongoose.connect (/home/prashant/Documents/chat_app/node_modules/mongoose/lib/index.js:328:20)
    at Object.<anonymous> (/home/prashant/Documents/chat_app/lib/mongo.js:7:10)
    at Module._compile (node:internal/modules/cjs/loader:1101:14)
    at Object.Module._extensions..js (node:internal/modules/cjs/loader:1153:10)
2021-10-06 11:41:40 [31merror[39m: MongooseServerSelectionError: connect ECONNREFUSED 127.0.0.1:27017
    at NativeConnection.Connection.openUri (/home/prashant/Documents/chat_app/node_modules/mongoose/lib/connection.js:796:32)
    at /home/prashant/Documents/chat_app/node_modules/mongoose/lib/index.js:329:10
    at /home/prashant/Documents/chat_app/node_modules/mongoose/lib/helpers/promiseOrCallback.js:32:5
    at new Promise (<anonymous>)
    at promiseOrCallback (/home/prashant/Documents/chat_app/node_modules/mongoose/lib/helpers/promiseOrCallback.js:31:10)
    at Mongoose._promiseOrCallback (/home/prashant/Documents/chat_app/node_modules/mongoose/lib/index.js:1150:10)
    at Mongoose.connect (/home/prashant/Documents/chat_app/node_modules/mongoose/lib/index.js:328:20)
    at Object.<anonymous> (/home/prashant/Documents/chat_app/lib/mongo.js:7:10)
    at Module._compile (node:internal/modules/cjs/loader:1101:14)
    at Object.Module._extensions..js (node:internal/modules/cjs/loader:1153:10)
2021-10-06 11:41:40 [31merror[39m: uncaughtException: connect ECONNREFUSED 127.0.0.1:27017
MongooseServerSelectionError: connect ECONNREFUSED 127.0.0.1:27017
    at NativeConnection.Connection.openUri (/home/prashant/Documents/chat_app/node_modules/mongoose/lib/connection.js:796:32)
    at /home/prashant/Documents/chat_app/node_modules/mongoose/lib/index.js:329:10
    at /home/prashant/Documents/chat_app/node_modules/mongoose/lib/helpers/promiseOrCallback.js:32:5
    at new Promise (<anonymous>)
    at promiseOrCallback (/home/prashant/Documents/chat_app/node_modules/mongoose/lib/helpers/promiseOrCallback.js:31:10)
    at Mongoose._promiseOrCallback (/home/prashant/Documents/chat_app/node_modules/mongoose/lib/index.js:1150:10)
    at Mongoose.connect (/home/prashant/Documents/chat_app/node_modules/mongoose/lib/index.js:328:20)
    at Object.<anonymous> (/home/prashant/Documents/chat_app/lib/mongo.js:7:10)
    at Module._compile (node:internal/modules/cjs/loader:1101:14)
    at Object.Module._extensions..js (node:internal/modules/cjs/loader:1153:10)
2021-10-06 11:43:53 [31merror[39m: MongooseServerSelectionError: connect ECONNREFUSED 127.0.0.1:27017
    at NativeConnection.Connection.openUri (/home/prashant/Documents/chat_app/node_modules/mongoose/lib/connection.js:796:32)
    at /home/prashant/Documents/chat_app/node_modules/mongoose/lib/index.js:329:10
    at /home/prashant/Documents/chat_app/node_modules/mongoose/lib/helpers/promiseOrCallback.js:32:5
    at new Promise (<anonymous>)
    at promiseOrCallback (/home/prashant/Documents/chat_app/node_modules/mongoose/lib/helpers/promiseOrCallback.js:31:10)
    at Mongoose._promiseOrCallback (/home/prashant/Documents/chat_app/node_modules/mongoose/lib/index.js:1150:10)
    at Mongoose.connect (/home/prashant/Documents/chat_app/node_modules/mongoose/lib/index.js:328:20)
    at Object.<anonymous> (/home/prashant/Documents/chat_app/lib/mongo.js:7:10)
    at Module._compile (node:internal/modules/cjs/loader:1101:14)
    at Object.Module._extensions..js (node:internal/modules/cjs/loader:1153:10)
2021-10-06 11:43:53 [31merror[39m: uncaughtException: connect ECONNREFUSED 127.0.0.1:27017
MongooseServerSelectionError: connect ECONNREFUSED 127.0.0.1:27017
    at NativeConnection.Connection.openUri (/home/prashant/Documents/chat_app/node_modules/mongoose/lib/connection.js:796:32)
    at /home/prashant/Documents/chat_app/node_modules/mongoose/lib/index.js:329:10
    at /home/prashant/Documents/chat_app/node_modules/mongoose/lib/helpers/promiseOrCallback.js:32:5
    at new Promise (<anonymous>)
    at promiseOrCallback (/home/prashant/Documents/chat_app/node_modules/mongoose/lib/helpers/promiseOrCallback.js:31:10)
    at Mongoose._promiseOrCallback (/home/prashant/Documents/chat_app/node_modules/mongoose/lib/index.js:1150:10)
    at Mongoose.connect (/home/prashant/Documents/chat_app/node_modules/mongoose/lib/index.js:328:20)
    at Object.<anonymous> (/home/prashant/Documents/chat_app/lib/mongo.js:7:10)
    at Module._compile (node:internal/modules/cjs/loader:1101:14)
    at Object.Module._extensions..js (node:internal/modules/cjs/loader:1153:10)
2021-10-06 11:45:18 [31merror[39m: MongooseServerSelectionError: connect ECONNREFUSED 127.0.0.1:27017
    at NativeConnection.Connection.openUri (/home/prashant/Documents/chat_app/node_modules/mongoose/lib/connection.js:796:32)
    at /home/prashant/Documents/chat_app/node_modules/mongoose/lib/index.js:329:10
    at /home/prashant/Documents/chat_app/node_modules/mongoose/lib/helpers/promiseOrCallback.js:32:5
    at new Promise (<anonymous>)
    at promiseOrCallback (/home/prashant/Documents/chat_app/node_modules/mongoose/lib/helpers/promiseOrCallback.js:31:10)
    at Mongoose._promiseOrCallback (/home/prashant/Documents/chat_app/node_modules/mongoose/lib/index.js:1150:10)
    at Mongoose.connect (/home/prashant/Documents/chat_app/node_modules/mongoose/lib/index.js:328:20)
    at Object.<anonymous> (/home/prashant/Documents/chat_app/lib/mongo.js:7:10)
    at Module._compile (node:internal/modules/cjs/loader:1101:14)
    at Object.Module._extensions..js (node:internal/modules/cjs/loader:1153:10)
2021-10-06 11:45:18 [31merror[39m: uncaughtException: connect ECONNREFUSED 127.0.0.1:27017
MongooseServerSelectionError: connect ECONNREFUSED 127.0.0.1:27017
    at NativeConnection.Connection.openUri (/home/prashant/Documents/chat_app/node_modules/mongoose/lib/connection.js:796:32)
    at /home/prashant/Documents/chat_app/node_modules/mongoose/lib/index.js:329:10
    at /home/prashant/Documents/chat_app/node_modules/mongoose/lib/helpers/promiseOrCallback.js:32:5
    at new Promise (<anonymous>)
    at promiseOrCallback (/home/prashant/Documents/chat_app/node_modules/mongoose/lib/helpers/promiseOrCallback.js:31:10)
    at Mongoose._promiseOrCallback (/home/prashant/Documents/chat_app/node_modules/mongoose/lib/index.js:1150:10)
    at Mongoose.connect (/home/prashant/Documents/chat_app/node_modules/mongoose/lib/index.js:328:20)
    at Object.<anonymous> (/home/prashant/Documents/chat_app/lib/mongo.js:7:10)
    at Module._compile (node:internal/modules/cjs/loader:1101:14)
    at Object.Module._extensions..js (node:internal/modules/cjs/loader:1153:10)
2021-10-06 12:04:53 [31merror[39m: uncaughtException: Private field '#postgres' must be declared in an enclosing class
/home/prashant/Documents/chat_app/local.env:2
PORT=3000
     ^

SyntaxError: Private field '#postgres' must be declared in an enclosing class
    at Object.compileFunction (node:vm:352:18)
    at wrapSafe (node:internal/modules/cjs/loader:1031:15)
    at Module._compile (node:internal/modules/cjs/loader:1065:27)
    at Object.Module._extensions..js (node:internal/modules/cjs/loader:1153:10)
    at Module.load (node:internal/modules/cjs/loader:981:32)
    at Function.Module._load (node:internal/modules/cjs/loader:822:12)
    at Module.require (node:internal/modules/cjs/loader:1005:19)
    at require (node:internal/modules/cjs/helpers:102:18)
    at Object.<anonymous> (/home/prashant/Documents/chat_app/app.js:16:13)
    at Module._compile (node:internal/modules/cjs/loader:1101:14)
2021-10-06 12:05:38 [31merror[39m: uncaughtException: EIO: i/o error, write
Error: EIO: i/o error, write
    at writeSync (node:fs:884:3)
    at SyncWriteStream._write (node:internal/fs/sync_write_stream:25:3)
    at writeOrBuffer (node:internal/streams/writable:389:12)
    at _write (node:internal/streams/writable:330:10)
    at SyncWriteStream.Writable.write (node:internal/streams/writable:334:10)
    at Console.log (/home/prashant/Documents/chat_app/node_modules/winston/lib/winston/transports/console.js:79:23)
    at Console._write (/home/prashant/Documents/chat_app/node_modules/winston-transport/index.js:82:19)
    at doWrite (/home/prashant/Documents/chat_app/node_modules/winston-transport/node_modules/readable-stream/lib/_stream_writable.js:428:64)
    at writeOrBuffer (/home/prashant/Documents/chat_app/node_modules/winston-transport/node_modules/readable-stream/lib/_stream_writable.js:417:5)
    at Console.Writable.write (/home/prashant/Documents/chat_app/node_modules/winston-transport/node_modules/readable-stream/lib/_stream_writable.js:334:11)
2021-10-06 12:39:34 [31merror[39m: uncaughtException: dotenv is not defined
ReferenceError: dotenv is not defined
    at Object.<anonymous> (/home/prashant/Documents/chat_app/config/config.js:2:3)
    at Module._compile (node:internal/modules/cjs/loader:1101:14)
    at Object.Module._extensions..js (node:internal/modules/cjs/loader:1153:10)
    at Module.load (node:internal/modules/cjs/loader:981:32)
    at Function.Module._load (node:internal/modules/cjs/loader:822:12)
    at Module.require (node:internal/modules/cjs/loader:1005:19)
    at require (node:internal/modules/cjs/helpers:102:18)
    at Object.<anonymous> (/home/prashant/Documents/chat_app/lib/keycloak.js:2:28)
    at Module._compile (node:internal/modules/cjs/loader:1101:14)
    at Object.Module._extensions..js (node:internal/modules/cjs/loader:1153:10)
2021-10-06 12:41:30 [31merror[39m: uncaughtException: dotenv is not defined
ReferenceError: dotenv is not defined
    at Object.<anonymous> (/home/prashant/Documents/chat_app/config/config.js:2:3)
    at Module._compile (node:internal/modules/cjs/loader:1101:14)
    at Object.Module._extensions..js (node:internal/modules/cjs/loader:1153:10)
    at Module.load (node:internal/modules/cjs/loader:981:32)
    at Function.Module._load (node:internal/modules/cjs/loader:822:12)
    at Module.require (node:internal/modules/cjs/loader:1005:19)
    at require (node:internal/modules/cjs/helpers:102:18)
    at Object.<anonymous> (/home/prashant/Documents/chat_app/lib/keycloak.js:2:28)
    at Module._compile (node:internal/modules/cjs/loader:1101:14)
    at Object.Module._extensions..js (node:internal/modules/cjs/loader:1153:10)
2021-10-06 12:41:54 [31merror[39m: uncaughtException: dotenv is not defined
ReferenceError: dotenv is not defined
    at Object.<anonymous> (/home/prashant/Documents/chat_app/config/config.js:2:3)
    at Module._compile (node:internal/modules/cjs/loader:1101:14)
    at Object.Module._extensions..js (node:internal/modules/cjs/loader:1153:10)
    at Module.load (node:internal/modules/cjs/loader:981:32)
    at Function.Module._load (node:internal/modules/cjs/loader:822:12)
    at Module.require (node:internal/modules/cjs/loader:1005:19)
    at require (node:internal/modules/cjs/helpers:102:18)
    at Object.<anonymous> (/home/prashant/Documents/chat_app/lib/keycloak.js:2:28)
    at Module._compile (node:internal/modules/cjs/loader:1101:14)
    at Object.Module._extensions..js (node:internal/modules/cjs/loader:1153:10)
