2021-10-05 12:22:55 [31merror[39m: uncaughtException: Mongoose is not defined
ReferenceError: Mongoose is not defined
    at Object.<anonymous> (/home/prashant/Documents/node.js/node-framework/lib/mongo.js:5:1)
    at Module._compile (node:internal/modules/cjs/loader:1101:14)
    at Object.Module._extensions..js (node:internal/modules/cjs/loader:1153:10)
    at Module.load (node:internal/modules/cjs/loader:981:32)
    at Function.Module._load (node:internal/modules/cjs/loader:822:12)
    at Module.require (node:internal/modules/cjs/loader:1005:19)
    at require (node:internal/modules/cjs/helpers:102:18)
    at Object.<anonymous> (/home/prashant/Documents/node.js/node-framework/app.js:15:18)
    at Module._compile (node:internal/modules/cjs/loader:1101:14)
    at Object.Module._extensions..js (node:internal/modules/cjs/loader:1153:10)
2021-10-05 12:23:48 [31merror[39m: uncaughtException: keycloak is not defined
ReferenceError: keycloak is not defined
    at Object.<anonymous> (/home/prashant/Documents/node.js/node-framework/app.js:57:9)
    at Module._compile (node:internal/modules/cjs/loader:1101:14)
    at Object.Module._extensions..js (node:internal/modules/cjs/loader:1153:10)
    at Module.load (node:internal/modules/cjs/loader:981:32)
    at Function.Module._load (node:internal/modules/cjs/loader:822:12)
    at Module.require (node:internal/modules/cjs/loader:1005:19)
    at require (node:internal/modules/cjs/helpers:102:18)
    at Object.<anonymous> (/home/prashant/Documents/node.js/node-framework/server.js:1:13)
    at Module._compile (node:internal/modules/cjs/loader:1101:14)
    at Object.Module._extensions..js (node:internal/modules/cjs/loader:1153:10)
2021-10-05 12:23:48 [31merror[39m: MongoParseError: options usecreateindex, usefindandmodify are not supported
    at Object.parseOptions (/home/prashant/Documents/node.js/node-framework/node_modules/mongodb/lib/connection_string.js:291:15)
    at new MongoClient (/home/prashant/Documents/node.js/node-framework/node_modules/mongodb/lib/mongo_client.js:62:46)
    at /home/prashant/Documents/node.js/node-framework/node_modules/mongoose/lib/connection.js:779:16
    at new Promise (<anonymous>)
    at NativeConnection.Connection.openUri (/home/prashant/Documents/node.js/node-framework/node_modules/mongoose/lib/connection.js:776:19)
    at /home/prashant/Documents/node.js/node-framework/node_modules/mongoose/lib/index.js:329:10
    at /home/prashant/Documents/node.js/node-framework/node_modules/mongoose/lib/helpers/promiseOrCallback.js:32:5
    at new Promise (<anonymous>)
    at promiseOrCallback (/home/prashant/Documents/node.js/node-framework/node_modules/mongoose/lib/helpers/promiseOrCallback.js:31:10)
    at Mongoose._promiseOrCallback (/home/prashant/Documents/node.js/node-framework/node_modules/mongoose/lib/index.js:1150:10)
2021-10-05 12:23:48 [31merror[39m: uncaughtException: options usecreateindex, usefindandmodify are not supported
MongoParseError: options usecreateindex, usefindandmodify are not supported
    at Object.parseOptions (/home/prashant/Documents/node.js/node-framework/node_modules/mongodb/lib/connection_string.js:291:15)
    at new MongoClient (/home/prashant/Documents/node.js/node-framework/node_modules/mongodb/lib/mongo_client.js:62:46)
    at /home/prashant/Documents/node.js/node-framework/node_modules/mongoose/lib/connection.js:779:16
    at new Promise (<anonymous>)
    at NativeConnection.Connection.openUri (/home/prashant/Documents/node.js/node-framework/node_modules/mongoose/lib/connection.js:776:19)
    at /home/prashant/Documents/node.js/node-framework/node_modules/mongoose/lib/index.js:329:10
    at /home/prashant/Documents/node.js/node-framework/node_modules/mongoose/lib/helpers/promiseOrCallback.js:32:5
    at new Promise (<anonymous>)
    at promiseOrCallback (/home/prashant/Documents/node.js/node-framework/node_modules/mongoose/lib/helpers/promiseOrCallback.js:31:10)
    at Mongoose._promiseOrCallback (/home/prashant/Documents/node.js/node-framework/node_modules/mongoose/lib/index.js:1150:10)
2021-10-05 12:27:23 [31merror[39m: uncaughtException: keycloak is not defined
ReferenceError: keycloak is not defined
    at Object.<anonymous> (/home/prashant/Documents/node.js/node-framework/app.js:57:9)
    at Module._compile (node:internal/modules/cjs/loader:1101:14)
    at Object.Module._extensions..js (node:internal/modules/cjs/loader:1153:10)
    at Module.load (node:internal/modules/cjs/loader:981:32)
    at Function.Module._load (node:internal/modules/cjs/loader:822:12)
    at Module.require (node:internal/modules/cjs/loader:1005:19)
    at require (node:internal/modules/cjs/helpers:102:18)
    at Object.<anonymous> (/home/prashant/Documents/node.js/node-framework/server.js:1:13)
    at Module._compile (node:internal/modules/cjs/loader:1101:14)
    at Object.Module._extensions..js (node:internal/modules/cjs/loader:1153:10)
